[2022-03-02 16:24:02] crunz.INFO: Test running(object(Closure))   I am running...I am running... print command  [] []
[2022-03-02 16:25:01] crunz.INFO: Test running(object(Closure))   I am running...I am running... print command  [] []
[2022-03-02 16:26:02] crunz.INFO: Test running(object(Closure))   I am running...I am running... print command  [] []
[2022-03-02 16:27:02] crunz.INFO: Second Test(object(Closure))   I am running...I am running... print command  [] []
[2022-03-02 16:27:02] crunz.INFO: Test task(object(Closure))   I am running...I am running... print command  [] []
[2022-03-02 16:28:02] crunz.INFO: Second Test(object(Closure))   second task running...second task running... print command  [] []
[2022-03-02 16:28:02] crunz.INFO: Test task(object(Closure))   I am running...I am running... print command  [] []
[2022-03-02 16:29:01] crunz.INFO: Second Test(object(Closure))   second task running...second task running... print command  [] []
[2022-03-02 16:29:01] crunz.INFO: Test task(object(Closure))   I am running...I am running... print command  [] []
[2022-03-02 16:30:01] crunz.INFO: Second Test(object(Closure))   second task running...second task running... print command  [] []
[2022-03-02 16:30:01] crunz.INFO: Test task(object(Closure))   I am running...I am running... print command  [] []
[2022-03-02 16:31:02] crunz.INFO: Second Test(object(Closure))   second task running...second task running... print command  [] []
[2022-03-02 16:31:02] crunz.INFO: Test task(object(Closure))   I am running...I am running... print command  [] []
[2022-03-02 16:32:02] crunz.INFO: Second Test(object(Closure))   second task running...second task running... print command  [] []
[2022-03-02 16:32:02] crunz.INFO: Test task(object(Closure))   I am running...I am running... print command  [] []
[2022-03-02 16:33:01] crunz.INFO: Test task(object(Closure))   I am running...I am running... print command  [] []
[2022-03-02 16:34:01] crunz.INFO: Test task(object(Closure))   I am running...I am running... print command  [] []
[2022-03-02 16:35:02] crunz.INFO: Test task(object(Closure))   I am running...I am running... print command  [] []
[2022-03-02 16:36:01] crunz.INFO: Test task(object(Closure))   I am running...I am running... print command  [] []
[2022-03-02 16:37:01] crunz.INFO: Test task(object(Closure))   I am running...I am running... print command  [] []
[2022-03-02 16:38:02] crunz.INFO: Test task(object(Closure))   I am running...I am running... print command  [] []
[2022-03-02 16:39:01] crunz.INFO: Test task(object(Closure))   I am running...I am running... print command  [] []
[2022-03-02 16:40:01] crunz.INFO: Test task(object(Closure))   I am running...I am running... print command  [] []
[2022-03-02 16:41:02] crunz.INFO: Test task(object(Closure))   I am running...I am running... print command  [] []
[2022-03-02 16:42:02] crunz.INFO: Test task(object(Closure))   I am running...I am running... print command  [] []
[2022-03-02 16:43:01] crunz.INFO: Test task(object(Closure))   I am running...I am running... print command  [] []
[2022-03-02 16:44:02] crunz.INFO: Test task(object(Closure))   I am running...I am running... print command  [] []
[2022-03-02 16:45:02] crunz.INFO: Test task(object(Closure))   I am running...I am running... print command  [] []
[2022-03-02 16:46:01] crunz.INFO: Test task(object(Closure))   I am running...I am running... print command  [] []
[2022-03-02 16:47:01] crunz.INFO: Test task(object(Closure))   I am running...I am running... print command  [] []
[2022-03-02 16:48:02] crunz.INFO: Test task(object(Closure))   I am running...I am running... print command  [] []
[2022-03-02 16:49:01] crunz.INFO: Test task(object(Closure))   I am running...I am running... print command  [] []
[2022-03-02 16:50:01] crunz.INFO: Test task(object(Closure))   I am running...I am running... print command  [] []
[2022-03-02 16:51:02] crunz.INFO: Test task(object(Closure))   I am running...I am running... print command  [] []
[2022-03-02 16:52:02] crunz.INFO: Test task(object(Closure))   I am running...I am running... print command  [] []
[2022-03-02 16:53:01] crunz.INFO: Test task(object(Closure))   I am running...I am running... print command  [] []
[2022-03-02 16:54:01] crunz.INFO: Test task(object(Closure))   I am running...I am running... print command  [] []
[2022-03-02 16:55:02] crunz.INFO: Test task(object(Closure))   I am running...I am running... print command  [] []
[2022-03-02 16:56:01] crunz.INFO: Test task(object(Closure))   I am running...I am running... print command  [] []
[2022-03-02 16:57:01] crunz.INFO: Test task(object(Closure))   I am running...I am running... print command  [] []
[2022-03-02 16:58:02] crunz.INFO: Test task(object(Closure))   I am running...I am running... print command  [] []
[2022-03-02 16:59:02] crunz.INFO: Test task(object(Closure))   I am running...I am running... print command  [] []
[2022-03-02 17:00:01] crunz.INFO: Test task(object(Closure))   I am running...I am running... print command  [] []
[2022-03-02 17:01:02] crunz.INFO: Test task(object(Closure))   I am running...I am running... print command  [] []
[2022-03-02 17:02:02] crunz.INFO: Test task(object(Closure))   I am running...I am running... print command  [] []
[2022-03-02 17:03:01] crunz.INFO: Test task(object(Closure))   I am running...I am running... print command  [] []
[2022-03-02 17:04:01] crunz.INFO: Test task(object(Closure))   I am running...I am running... print command  [] []
[2022-03-02 17:05:02] crunz.INFO: Test task(object(Closure))   I am running...I am running... print command  [] []
[2022-03-02 17:06:02] crunz.INFO: Test task(object(Closure))   I am running...I am running... print command  [] []
[2022-03-02 17:07:01] crunz.INFO: Test task(object(Closure))   I am running...I am running... print command  [] []
[2022-03-02 17:08:02] crunz.INFO: Test task(object(Closure))   I am running...I am running... print command  [] []
[2022-03-02 17:09:02] crunz.INFO: Test task(object(Closure))   I am running...I am running... print command  [] []
[2022-03-02 17:10:01] crunz.INFO: Test task(object(Closure))   I am running...I am running... print command  [] []
[2022-03-02 17:11:01] crunz.INFO: Test task(object(Closure))   I am running...I am running... print command  [] []
[2022-03-02 17:12:02] crunz.INFO: Test task(object(Closure))   I am running...I am running... print command  [] []
[2022-03-02 17:13:02] crunz.INFO: Test task(object(Closure))   I am running...I am running... print command  [] []
[2022-03-02 17:14:01] crunz.INFO: Test task(object(Closure))   I am running...I am running... print command  [] []
[2022-03-02 17:15:01] crunz.INFO: Test task(object(Closure))   I am running...I am running... print command  [] []
[2022-03-02 17:16:02] crunz.INFO: Test task(object(Closure))   I am running...I am running... print command  [] []
[2022-03-02 17:17:01] crunz.INFO: Test task(object(Closure))   I am running...I am running... print command  [] []
[2022-03-02 17:18:01] crunz.INFO: Test task(object(Closure))   I am running...I am running... print command  [] []
[2022-03-02 17:19:02] crunz.INFO: Test task(object(Closure))   I am running...I am running... print command  [] []
[2022-03-02 17:20:02] crunz.INFO: Test task(object(Closure))   I am running...I am running... print command  [] []
[2022-03-02 17:21:01] crunz.INFO: Test task(object(Closure))   I am running...I am running... print command  [] []
[2022-03-02 17:22:01] crunz.INFO: Test task(object(Closure))   I am running...I am running... print command  [] []
[2022-03-02 17:23:02] crunz.INFO: Test task(object(Closure))   I am running...I am running... print command  [] []
[2022-03-02 17:24:02] crunz.INFO: Test task(object(Closure))   I am running...I am running... print command  [] []
[2022-03-02 17:25:01] crunz.INFO: Test task(object(Closure))   I am running...I am running... print command  [] []
[2022-03-02 17:26:01] crunz.INFO: Test task(object(Closure))   I am running...I am running... print command  [] []
[2022-03-02 17:27:02] crunz.INFO: Test task(object(Closure))   I am running...I am running... print command  [] []
[2022-03-02 17:28:01] crunz.INFO: Test task(object(Closure))   I am running...I am running... print command  [] []
[2022-03-02 17:29:01] crunz.INFO: Test task(object(Closure))   I am running...I am running... print command  [] []
[2022-03-02 17:30:02] crunz.INFO: Test task(object(Closure))   I am running...I am running... print command  [] []
[2022-03-02 17:31:02] crunz.INFO: Test task(object(Closure))   I am running...I am running... print command  [] []
[2022-03-02 17:32:01] crunz.INFO: Test task(object(Closure))   I am running...I am running... print command  [] []
[2022-03-02 17:33:01] crunz.INFO: Test task(object(Closure))   I am running...I am running... print command  [] []
[2022-03-02 17:34:02] crunz.INFO: Test task(object(Closure))   I am running...I am running... print command  [] []
[2022-03-02 17:35:02] crunz.INFO: Test task(object(Closure))   I am running...I am running... print command  [] []
[2022-03-02 17:36:01] crunz.INFO: Test task(object(Closure))   I am running...I am running... print command  [] []
[2022-03-02 17:37:01] crunz.INFO: Test task(object(Closure))   I am running...I am running... print command  [] []
[2022-03-02 17:38:02] crunz.INFO: Test task(object(Closure))   I am running...I am running... print command  [] []
[2022-03-02 17:39:02] crunz.INFO: Test task(object(Closure))   I am running...I am running... print command  [] []
[2022-03-02 17:40:01] crunz.INFO: Test task(object(Closure))   I am running...I am running... print command  [] []
[2022-03-02 17:41:01] crunz.INFO: Test task(object(Closure))   I am running...I am running... print command  [] []
[2022-03-02 17:42:02] crunz.INFO: Test task(object(Closure))   I am running...I am running... print command  [] []
[2022-03-02 17:43:02] crunz.INFO: Test task(object(Closure))   I am running...I am running... print command  [] []
[2022-03-02 17:44:01] crunz.INFO: Test task(object(Closure))   I am running...I am running... print command  [] []
[2022-03-02 17:45:01] crunz.INFO: Test task(object(Closure))   I am running...I am running... print command  [] []
[2022-03-02 17:46:02] crunz.INFO: Test task(object(Closure))   I am running...I am running... print command  [] []
[2022-03-02 17:47:01] crunz.INFO: Test task(object(Closure))   I am running...I am running... print command  [] []
[2022-03-02 17:48:01] crunz.INFO: Test task(object(Closure))   I am running...I am running... print command  [] []
[2022-03-02 17:49:02] crunz.INFO: Test task(object(Closure))   I am running...I am running... print command  [] []
[2022-03-02 17:50:02] crunz.INFO: Test task(object(Closure))   I am running...I am running... print command  [] []
[2022-03-02 17:51:01] crunz.INFO: Test task(object(Closure))   I am running...I am running... print command  [] []
[2022-03-02 17:52:01] crunz.INFO: Test task(object(Closure))   I am running...I am running... print command  [] []
[2022-03-02 17:53:02] crunz.INFO: Test task(object(Closure))   I am running...I am running... print command  [] []
[2022-03-02 17:54:02] crunz.INFO: Test task(object(Closure))   I am running...I am running... print command  [] []
[2022-03-02 17:55:01] crunz.INFO: Test task(object(Closure))   I am running...I am running... print command  [] []
[2022-03-02 17:56:01] crunz.INFO: Test task(object(Closure))   I am running...I am running... print command  [] []
[2022-03-02 17:57:02] crunz.INFO: Test task(object(Closure))   I am running...I am running... print command  [] []
[2022-03-02 17:58:01] crunz.INFO: Test task(object(Closure))   I am running...I am running... print command  [] []
[2022-03-02 17:59:01] crunz.INFO: Test task(object(Closure))   I am running...I am running... print command  [] []
[2022-03-02 18:00:01] crunz.INFO: Test task(object(Closure))   I am running...I am running... print command  [] []
[2022-03-02 18:01:02] crunz.INFO: Test task(object(Closure))   I am running...I am running... print command  [] []
[2022-03-02 18:02:01] crunz.INFO: Test task(object(Closure))   I am running...I am running... print command  [] []
[2022-03-02 18:03:01] crunz.INFO: Test task(object(Closure))   I am running...I am running... print command  [] []
[2022-03-02 18:04:02] crunz.INFO: Test task(object(Closure))   I am running...I am running... print command  [] []
[2022-03-02 18:05:02] crunz.INFO: Test task(object(Closure))   I am running...I am running... print command  [] []
[2022-03-02 18:06:01] crunz.INFO: Test task(object(Closure))   I am running...I am running... print command  [] []
[2022-03-02 18:07:01] crunz.INFO: Test task(object(Closure))   I am running...I am running... print command  [] []
[2022-03-02 18:08:02] crunz.INFO: Test task(object(Closure))   I am running...I am running... print command  [] []
[2022-03-02 18:09:02] crunz.INFO: Test task(object(Closure))   I am running...I am running... print command  [] []
[2022-03-02 18:10:01] crunz.INFO: Test task(object(Closure))   I am running...I am running... print command  [] []
[2022-03-02 18:11:01] crunz.INFO: Test task(object(Closure))   I am running...I am running... print command  [] []
[2022-03-02 18:12:02] crunz.INFO: Test task(object(Closure))   I am running...I am running... print command  [] []
[2022-03-02 18:13:01] crunz.INFO: Test task(object(Closure))   I am running...I am running... print command  [] []
[2022-03-02 18:14:01] crunz.INFO: Test task(object(Closure))   I am running...I am running... print command  [] []
[2022-03-02 18:15:02] crunz.INFO: Test task(object(Closure))   I am running...I am running... print command  [] []
[2022-03-02 18:16:02] crunz.INFO: Test task(object(Closure))   I am running...I am running... print command  [] []
[2022-03-02 18:17:01] crunz.INFO: Test task(object(Closure))   I am running...I am running... print command  [] []
[2022-03-02 18:18:01] crunz.INFO: Test task(object(Closure))   I am running...I am running... print command  [] []
[2022-03-02 18:19:02] crunz.INFO: Test task(object(Closure))   I am running...I am running... print command  [] []
[2022-03-02 18:20:01] crunz.INFO: Test task(object(Closure))   I am running...I am running... print command  [] []
[2022-03-02 18:21:01] crunz.INFO: Test task(object(Closure))   I am running...I am running... print command  [] []
[2022-03-02 18:22:01] crunz.INFO: Test task(object(Closure))   I am running...I am running... print command  [] []
[2022-03-02 18:23:02] crunz.INFO: Test task(object(Closure))   I am running...I am running... print command  [] []
[2022-03-02 18:24:01] crunz.INFO: Test task(object(Closure))   I am running...I am running... print command  [] []
[2022-03-02 18:25:01] crunz.INFO: Test task(object(Closure))   I am running...I am running... print command  [] []
[2022-03-02 18:26:02] crunz.INFO: Test task(object(Closure))   I am running...I am running... print command  [] []
[2022-03-02 18:27:02] crunz.INFO: Test task(object(Closure))   I am running...I am running... print command  [] []
[2022-03-02 18:28:01] crunz.INFO: Test task(object(Closure))   I am running...I am running... print command  [] []
[2022-03-02 18:29:01] crunz.INFO: Test task(object(Closure))   I am running...I am running... print command  [] []
[2022-03-02 18:30:02] crunz.INFO: Test task(object(Closure))   I am running...I am running... print command  [] []
[2022-03-02 18:31:02] crunz.INFO: Test task(object(Closure))   I am running...I am running... print command  [] []
[2022-03-02 18:32:01] crunz.INFO: Test task(object(Closure))   I am running...I am running... print command  [] []
[2022-03-02 18:33:01] crunz.INFO: Test task(object(Closure))   I am running...I am running... print command  [] []
[2022-03-02 18:34:02] crunz.INFO: Test task(object(Closure))   I am running...I am running... print command  [] []
[2022-03-02 18:35:02] crunz.INFO: Test task(object(Closure))   I am running...I am running... print command  [] []
[2022-03-02 18:36:01] crunz.INFO: Test task(object(Closure))   I am running...I am running... print command  [] []
[2022-03-02 18:37:01] crunz.INFO: Test task(object(Closure))   I am running...I am running... print command  [] []
[2022-03-02 18:38:02] crunz.INFO: Test task(object(Closure))   I am running...I am running... print command  [] []
[2022-03-02 18:39:02] crunz.INFO: Test task(object(Closure))   I am running...I am running... print command  [] []
[2022-03-02 18:40:01] crunz.INFO: Test task(object(Closure))   I am running...I am running... print command  [] []
[2022-03-02 18:41:01] crunz.INFO: Test task(object(Closure))   I am running...I am running... print command  [] []
[2022-03-02 18:42:02] crunz.INFO: Test task(object(Closure))   I am running...I am running... print command  [] []
[2022-03-02 18:43:01] crunz.INFO: Test task(object(Closure))   I am running...I am running... print command  [] []
[2022-03-02 18:44:01] crunz.INFO: Test task(object(Closure))   I am running...I am running... print command  [] []
[2022-03-02 18:45:02] crunz.INFO: Test task(object(Closure))   I am running...I am running... print command  [] []
[2022-03-02 18:46:02] crunz.INFO: Test task(object(Closure))   I am running...I am running... print command  [] []
[2022-03-02 18:47:01] crunz.INFO: Test task(object(Closure))   I am running...I am running... print command  [] []
[2022-03-02 18:48:01] crunz.INFO: Test task(object(Closure))   I am running...I am running... print command  [] []
[2022-03-02 18:49:02] crunz.INFO: Test task(object(Closure))   I am running...I am running... print command  [] []
[2022-03-02 18:50:01] crunz.INFO: Test task(object(Closure))   I am running...I am running... print command  [] []
[2022-03-02 18:51:01] crunz.INFO: Test task(object(Closure))   I am running...I am running... print command  [] []
[2022-03-02 18:52:02] crunz.INFO: Test task(object(Closure))   I am running...I am running... print command  [] []
[2022-03-02 18:53:01] crunz.INFO: Test task(object(Closure))   I am running...I am running... print command  [] []
[2022-03-02 18:54:01] crunz.INFO: Test task(object(Closure))   I am running...I am running... print command  [] []
[2022-03-02 18:55:02] crunz.INFO: Test task(object(Closure))   I am running...I am running... print command  [] []
[2022-03-02 18:56:02] crunz.INFO: Test task(object(Closure))   I am running...I am running... print command  [] []
[2022-03-02 18:57:01] crunz.INFO: Test task(object(Closure))   I am running...I am running... print command  [] []
[2022-03-03 15:34:32] crunz.INFO: Test task(object(Closure))   I am running...I am running... print command  [] []
[2022-03-03 15:35:01] crunz.INFO: Test task(object(Closure))   I am running...I am running... print command  [] []
[2022-03-03 15:36:02] crunz.INFO: Test task(object(Closure))   I am running...I am running... print command  [] []
[2022-03-03 15:37:01] crunz.INFO: Test task(object(Closure))   I am running...I am running... print command  [] []
[2022-03-03 15:38:01] crunz.INFO: Test task(object(Closure))   I am running...I am running... print command  [] []
[2022-03-03 15:39:02] crunz.INFO: Test task(object(Closure))   I am running...I am running... print command  [] []
[2022-03-03 15:40:02] crunz.INFO: Test task(object(Closure))   I am running...I am running... print command  [] []
[2022-03-03 15:41:01] crunz.INFO: Test task(object(Closure))   I am running...I am running... print command  [] []
[2022-03-03 15:42:01] crunz.INFO: Test task(object(Closure))   I am running...I am running... print command  [] []
[2022-03-03 15:43:02] crunz.INFO: Test task(object(Closure))   I am running...I am running... print command  [] []
[2022-03-03 15:44:01] crunz.INFO: Test task(object(Closure))   I am running...I am running... print command  [] []
[2022-03-03 15:45:01] crunz.INFO: Test task(object(Closure))   I am running...I am running... print command  [] []
[2022-03-03 15:46:02] crunz.INFO: Test task(object(Closure))   I am running...I am running... print command  [] []
[2022-03-03 15:47:01] crunz.INFO: Test task(object(Closure))   I am running...I am running... print command  [] []
[2022-03-03 15:48:01] crunz.INFO: Test task(object(Closure))   I am running...I am running... print command  [] []
[2022-03-03 15:49:02] crunz.INFO: Test task(object(Closure))   I am running...I am running... print command  [] []
[2022-03-03 15:50:02] crunz.INFO: Test task(object(Closure))   I am running...I am running... print command  [] []
[2022-03-03 15:51:01] crunz.INFO: Test task(object(Closure))   I am running...I am running... print command  [] []
[2022-03-03 15:52:02] crunz.INFO: Test task(object(Closure))   I am running...I am running... print command  [] []
[2022-03-03 15:53:02] crunz.INFO: Test task(object(Closure))   I am running...I am running... print command  [] []
[2022-03-03 15:54:01] crunz.INFO: Test task(object(Closure))   I am running...I am running... print command  [] []
[2022-03-03 15:55:01] crunz.INFO: Test task(object(Closure))   I am running...I am running... print command  [] []
[2022-03-03 15:56:02] crunz.INFO: Test task(object(Closure))   I am running...I am running... print command  [] []
[2022-03-03 15:57:01] crunz.INFO: Test task(object(Closure))   I am running...I am running... print command  [] []
[2022-03-03 15:58:01] crunz.INFO: Test task(object(Closure))   I am running...I am running... print command  [] []
[2022-03-03 15:59:02] crunz.INFO: Test task(object(Closure))   I am running...I am running... print command  [] []
[2022-03-03 16:00:02] crunz.INFO: Test task(object(Closure))   I am running...I am running... print command  [] []
[2022-03-03 16:01:01] crunz.INFO: Test task(object(Closure))   I am running...I am running... print command  [] []
[2022-03-03 16:02:01] crunz.INFO: Test task(object(Closure))   I am running...I am running... print command  [] []
[2022-03-03 16:03:02] crunz.INFO: Test task(object(Closure))   I am running...I am running... print command  [] []
[2022-03-03 16:04:01] crunz.INFO: Test task(object(Closure))   I am running...I am running... print command  [] []
[2022-03-03 16:05:01] crunz.INFO: Test task(object(Closure))   I am running...I am running... print command  [] []
[2022-03-03 16:06:02] crunz.INFO: Test task(object(Closure))   I am running...I am running... print command  [] []
[2022-03-03 16:07:02] crunz.INFO: Test task(object(Closure))   I am running...I am running... print command  [] []
[2022-03-03 16:08:01] crunz.INFO: Test task(object(Closure))   I am running...I am running... print command  [] []
[2022-03-03 16:09:01] crunz.INFO: Test task(object(Closure))   I am running...I am running... print command  [] []
[2022-03-03 16:10:02] crunz.INFO: Test task(object(Closure))   I am running...I am running... print command  [] []
[2022-03-03 16:11:01] crunz.INFO: Test task(object(Closure))   I am running...I am running... print command  [] []
[2022-03-03 16:12:01] crunz.INFO: Test task(object(Closure))   I am running...I am running... print command  [] []
[2022-03-03 16:13:02] crunz.INFO: Test task(object(Closure))   I am running...I am running... print command  [] []
[2022-03-03 16:14:02] crunz.INFO: Test task(object(Closure))   I am running...I am running... print command  [] []
[2022-03-03 16:15:01] crunz.INFO: Test task(object(Closure))   I am running...I am running... print command  [] []
[2022-03-03 16:16:01] crunz.INFO: Test task(object(Closure))   I am running...I am running... print command  [] []
[2022-03-03 16:17:02] crunz.INFO: Test task(object(Closure))   I am running...I am running... print command  [] []
[2022-03-03 16:18:02] crunz.INFO: Test task(object(Closure))   I am running...I am running... print command  [] []
[2022-03-03 16:19:01] crunz.INFO: Test task(object(Closure))   I am running...I am running... print command  [] []
[2022-03-03 16:20:02] crunz.INFO: Test task(object(Closure))   I am running...I am running... print command  [] []
[2022-03-03 16:21:02] crunz.INFO: Test task(object(Closure))   I am running...I am running... print command  [] []
[2022-03-03 16:22:01] crunz.INFO: Test task(object(Closure))   I am running...I am running... print command  [] []
[2022-03-03 16:23:01] crunz.INFO: Test task(object(Closure))   I am running...I am running... print command  [] []
[2022-03-03 16:24:02] crunz.INFO: Test task(object(Closure))   I am running...I am running... print command  [] []
[2022-03-03 16:25:01] crunz.INFO: Test task(object(Closure))   I am running...I am running... print command  [] []
[2022-03-03 16:26:01] crunz.INFO: Test task(object(Closure))   I am running...I am running... print command  [] []
[2022-03-03 16:27:02] crunz.INFO: Test task(object(Closure))   I am running...I am running... print command  [] []
[2022-03-03 16:28:02] crunz.INFO: Test task(object(Closure))   I am running...I am running... print command  [] []
[2022-03-03 16:29:01] crunz.INFO: Test task(object(Closure))   I am running...I am running... print command  [] []
[2022-03-03 16:30:01] crunz.INFO: Test task(object(Closure))   I am running...I am running... print command  [] []
[2022-03-03 16:31:02] crunz.INFO: Test task(object(Closure))   I am running...I am running... print command  [] []
[2022-03-03 16:32:01] crunz.INFO: Test task(object(Closure))   I am running...I am running... print command  [] []
[2022-03-03 16:33:01] crunz.INFO: Test task(object(Closure))   I am running...I am running... print command  [] []
[2022-03-03 16:34:02] crunz.INFO: Test task(object(Closure))   I am running...I am running... print command  [] []
[2022-03-03 16:35:02] crunz.INFO: Test task(object(Closure))   I am running...I am running... print command  [] []
[2022-03-03 16:36:02] crunz.INFO: Test task(object(Closure))   I am running...I am running... print command  [] []
[2022-03-03 16:37:02] crunz.INFO: Test task(object(Closure))   I am running...I am running... print command  [] []
[2022-03-03 16:38:01] crunz.INFO: Test task(object(Closure))   I am running...I am running... print command  [] []
[2022-03-03 16:39:01] crunz.INFO: Test task(object(Closure))   I am running...I am running... print command  [] []
[2022-03-03 16:40:02] crunz.INFO: Test task(object(Closure))   I am running...I am running... print command  [] []
[2022-03-03 16:41:01] crunz.INFO: Test task(object(Closure))   I am running...I am running... print command  [] []
[2022-03-03 16:42:01] crunz.INFO: Test task(object(Closure))   I am running...I am running... print command  [] []
[2022-03-03 16:43:02] crunz.INFO: Test task(object(Closure))   I am running...I am running... print command  [] []
[2022-03-03 16:44:01] crunz.INFO: Test task(object(Closure))   I am running...I am running... print command  [] []
[2022-03-03 16:45:01] crunz.INFO: Test task(object(Closure))   I am running...I am running... print command  [] []
[2022-03-03 16:46:02] crunz.INFO: Test task(object(Closure))   I am running...I am running... print command  [] []
[2022-03-03 16:47:01] crunz.INFO: Test task(object(Closure))   I am running...I am running... print command  [] []
[2022-03-03 16:48:01] crunz.INFO: Test task(object(Closure))   I am running...I am running... print command  [] []
[2022-03-03 16:49:02] crunz.INFO: Test task(object(Closure))   I am running...I am running... print command  [] []
[2022-03-03 16:50:01] crunz.INFO: dsf(object(Closure))     [] []
[2022-03-03 16:50:01] crunz.INFO: Test task(object(Closure))   I am running...I am running... print command  [] []
[2022-03-03 16:51:01] crunz.INFO: dsf(object(Closure))     [] []
[2022-03-03 16:51:01] crunz.INFO: Test task(object(Closure))   I am running...I am running... print command  [] []
[2022-03-03 16:52:02] crunz.INFO: dsf(object(Closure))     [] []
[2022-03-03 16:52:02] crunz.INFO: Test task(object(Closure))   I am running...I am running... print command  [] []
[2022-03-03 16:53:02] crunz.INFO: dsf(object(Closure))     [] []
[2022-03-03 16:53:02] crunz.INFO: Test task(object(Closure))   I am running...I am running... print command  [] []
[2022-03-03 16:54:01] crunz.INFO: dsf(object(Closure))     [] []
[2022-03-03 16:54:01] crunz.INFO: Test task(object(Closure))   I am running...I am running... print command  [] []
[2022-03-03 16:55:01] crunz.INFO: dsf(object(Closure))     [] []
[2022-03-03 16:55:01] crunz.INFO: Test task(object(Closure))   I am running...I am running... print command  [] []
[2022-03-03 16:56:02] crunz.INFO: dsf(object(Closure))     [] []
[2022-03-03 16:56:02] crunz.INFO: Test task(object(Closure))   I am running...I am running... print command  [] []
[2022-03-03 16:57:01] crunz.INFO: dsf(object(Closure))     [] []
[2022-03-03 16:57:01] crunz.INFO: Test task(object(Closure))   I am running...I am running... print command  [] []
[2022-03-03 16:58:01] crunz.INFO: dsf(object(Closure))     [] []
[2022-03-03 16:58:01] crunz.INFO: Test task(object(Closure))   I am running...I am running... print command  [] []
[2022-03-03 17:30:02] crunz.INFO: Test task(object(Closure))   I am running...I am running... print command  [] []
[2022-03-03 17:31:02] crunz.INFO: Test task(object(Closure))   I am running...I am running... print command  [] []
[2022-03-03 17:36:01] crunz.INFO: Test task(object(Closure))   I am running...I am running... print command  [] []
[2022-03-03 17:37:02] crunz.INFO: Test task(object(Closure))   I am running...I am running... print command  [] []
[2022-03-03 17:38:01] crunz.INFO: Test task(object(Closure))   I am running...I am running... print command  [] []
[2022-03-03 17:39:01] crunz.INFO: Test task(object(Closure))   I am running...I am running... print command  [] []
[2022-03-03 17:40:02] crunz.INFO: Test task(object(Closure))   I am running...I am running... print command  [] []
[2022-03-03 17:41:02] crunz.INFO: Test task(object(Closure))   I am running...I am running... print command  [] []
[2022-03-03 17:42:01] crunz.INFO: Test task(object(Closure))   I am running...I am running... print command  [] []
[2022-03-03 17:43:01] crunz.INFO: Test task(object(Closure))   I am running...I am running... print command  [] []
[2022-03-03 17:44:02] crunz.INFO: Test task(object(Closure))   I am running...I am running... print command  [] []
[2022-03-03 17:45:02] crunz.INFO: Test task(object(Closure))   I am running...I am running... print command  [] []
[2022-03-03 17:46:02] crunz.INFO: Test task(object(Closure))   I am running...I am running... print command  [] []
[2022-03-03 17:47:01] crunz.INFO: Test task(object(Closure))   I am running...I am running... print command  [] []
[2022-03-03 17:48:02] crunz.INFO: Test task(object(Closure))   I am running...I am running... print command  [] []
[2022-03-03 17:49:02] crunz.INFO: Test task(object(Closure))   I am running...I am running... print command  [] []
[2022-03-03 17:50:02] crunz.INFO: Test task(object(Closure))   I am running...I am running... print command  [] []
[2022-03-09 10:09:00] crunz.INFO: Test task(object(Closure))   I am running...I am running... print command  [] []
[2022-03-09 10:09:01] crunz.INFO: Test task(object(Closure))   I am running...I am running... print command  [] []
[2022-03-09 10:10:01] crunz.INFO: Test task(object(Closure))   I am running...I am running... print command  [] []
[2022-03-09 10:11:01] crunz.INFO: Test task(object(Closure))   I am running...I am running... print command  [] []
[2022-03-09 10:12:02] crunz.INFO: Test task(object(Closure))   I am running...I am running... print command  [] []
[2022-03-09 10:13:02] crunz.INFO: Test task(object(Closure))   I am running...I am running... print command  [] []
[2022-03-09 10:14:02] crunz.INFO: Test task(object(Closure))   I am running...I am running... print command  [] []
[2022-03-09 10:15:01] crunz.INFO: Test task(object(Closure))   I am running...I am running... print command  [] []
[2022-03-09 10:16:01] crunz.INFO: Test task(object(Closure))   I am running...I am running... print command  [] []
[2022-03-09 10:17:01] crunz.INFO: Test task(object(Closure))   I am running...I am running... print command  [] []
[2022-03-09 10:18:02] crunz.INFO: Test task(object(Closure))   I am running...I am running... print command  [] []
[2022-03-09 10:19:02] crunz.INFO: Test task(object(Closure))   I am running...I am running... print command  [] []
[2022-03-09 10:20:01] crunz.INFO: Test task(object(Closure))   I am running...I am running... print command  [] []
[2022-03-09 10:21:01] crunz.INFO: Test task(object(Closure))   I am running...I am running... print command  [] []
[2022-03-09 10:22:02] crunz.INFO: Test task(object(Closure))   I am running...I am running... print command  [] []
[2022-03-09 10:23:01] crunz.INFO: Test task(object(Closure))   I am running...I am running... print command  [] []
[2022-03-09 10:24:01] crunz.INFO: Test task(object(Closure))   I am running...I am running... print command  [] []
[2022-03-09 10:25:01] crunz.INFO: Test task(object(Closure))   I am running...I am running... print command  [] []
[2022-03-09 10:26:02] crunz.INFO: Test task(object(Closure))   I am running...I am running... print command  [] []
[2022-03-09 10:27:01] crunz.INFO: Test task(object(Closure))   I am running...I am running... print command  [] []
[2022-03-09 10:28:01] crunz.INFO: Test task(object(Closure))   I am running...I am running... print command  [] []
[2022-03-09 10:29:02] crunz.INFO: Test task(object(Closure))   I am running...I am running... print command  [] []
[2022-03-09 10:30:02] crunz.INFO: Test task(object(Closure))   I am running...I am running... print command  [] []
[2022-03-09 10:31:01] crunz.INFO: Test task(object(Closure))   I am running...I am running... print command  [] []
[2022-03-09 10:32:02] crunz.INFO: Test task(object(Closure))   I am running...I am running... print command  [] []
[2022-03-09 10:33:02] crunz.INFO: Test task(object(Closure))   I am running...I am running... print command  [] []
[2022-03-09 10:34:01] crunz.INFO: Test task(object(Closure))   I am running...I am running... print command  [] []
[2022-03-09 10:35:01] crunz.INFO: Test task(object(Closure))   I am running...I am running... print command  [] []
[2022-03-09 10:36:02] crunz.INFO: Test task(object(Closure))   I am running...I am running... print command  [] []
[2022-03-09 10:37:02] crunz.INFO: Test task(object(Closure))   I am running...I am running... print command  [] []
[2022-03-09 10:38:01] crunz.INFO: Test task(object(Closure))   I am running...I am running... print command  [] []
[2022-03-09 10:39:01] crunz.INFO: Test task(object(Closure))   I am running...I am running... print command  [] []
[2022-03-09 10:40:02] crunz.INFO: Test task(object(Closure))   I am running...I am running... print command  [] []
[2022-03-09 10:41:02] crunz.INFO: Test task(object(Closure))   I am running...I am running... print command  [] []
[2022-03-09 10:42:01] crunz.INFO: Test task(object(Closure))   I am running...I am running... print command  [] []
[2022-03-09 10:43:01] crunz.INFO: Test task(object(Closure))   I am running...I am running... print command  [] []
[2022-03-09 10:44:02] crunz.INFO: Test task(object(Closure))   I am running...I am running... print command  [] []
[2022-03-09 10:45:02] crunz.INFO: Test task(object(Closure))   I am running...I am running... print command  [] []
[2022-03-09 10:46:01] crunz.INFO: Test task(object(Closure))   I am running...I am running... print command  [] []
[2022-03-09 10:47:01] crunz.INFO: Test task(object(Closure))   I am running...I am running... print command  [] []
[2022-03-09 10:48:02] crunz.INFO: Test task(object(Closure))   I am running...I am running... print command  [] []
[2022-03-09 10:49:02] crunz.INFO: Test task(object(Closure))   I am running...I am running... print command  [] []
[2022-03-09 10:50:01] crunz.INFO: Test task(object(Closure))   I am running...I am running... print command  [] []
[2022-03-09 10:51:01] crunz.INFO: Test task(object(Closure))   I am running...I am running... print command  [] []
[2022-03-09 10:52:02] crunz.INFO: Test task(object(Closure))   I am running...I am running... print command  [] []
[2022-03-09 10:53:02] crunz.INFO: Test task(object(Closure))   I am running...I am running... print command  [] []
[2022-03-09 10:54:01] crunz.INFO: Test task(object(Closure))   I am running...I am running... print command  [] []
[2022-03-09 10:55:02] crunz.INFO: Test task(object(Closure))   I am running...I am running... print command  [] []
[2022-03-09 10:56:02] crunz.INFO: Test task(object(Closure))   I am running...I am running... print command  [] []
[2022-03-09 10:57:01] crunz.INFO: Test task(object(Closure))   I am running...I am running... print command  [] []
[2022-03-09 10:58:01] crunz.INFO: Test task(object(Closure))   I am running...I am running... print command  [] []
[2022-03-09 10:59:02] crunz.INFO: Test task(object(Closure))   I am running...I am running... print command  [] []
[2022-03-09 11:00:02] crunz.INFO: Test task(object(Closure))   I am running...I am running... print command  [] []
[2022-03-09 11:01:02] crunz.INFO: Test task(object(Closure))   I am running...I am running... print command  [] []
[2022-03-09 11:02:01] crunz.INFO: Test task(object(Closure))   I am running...I am running... print command  [] []
[2022-03-09 11:03:01] crunz.INFO: Test task(object(Closure))   I am running...I am running... print command  [] []
[2022-03-09 11:04:02] crunz.INFO: Test task(object(Closure))   I am running...I am running... print command  [] []
[2022-03-09 11:05:02] crunz.INFO: Test task(object(Closure))   I am running...I am running... print command  [] []
[2022-03-09 11:06:01] crunz.INFO: Test task(object(Closure))   I am running...I am running... print command  [] []
[2022-03-09 11:07:01] crunz.INFO: Test task(object(Closure))   I am running...I am running... print command  [] []
[2022-03-09 11:08:02] crunz.INFO: Test task(object(Closure))   I am running...I am running... print command  [] []
[2022-03-09 11:09:02] crunz.INFO: Test task(object(Closure))   I am running...I am running... print command  [] []
[2022-03-09 11:10:01] crunz.INFO: Test task(object(Closure))   I am running...I am running... print command  [] []
[2022-03-09 11:11:01] crunz.INFO: Test task(object(Closure))   I am running...I am running... print command  [] []
[2022-03-09 11:12:02] crunz.INFO: Test task(object(Closure))   I am running...I am running... print command  [] []
[2022-03-09 11:13:02] crunz.INFO: Test task(object(Closure))   I am running...I am running... print command  [] []
[2022-03-09 11:14:01] crunz.INFO: Test task(object(Closure))   I am running...I am running... print command  [] []
[2022-03-09 11:15:01] crunz.INFO: Test task(object(Closure))   I am running...I am running... print command  [] []
[2022-03-09 11:16:02] crunz.INFO: Test task(object(Closure))   I am running...I am running... print command  [] []
[2022-03-09 11:17:02] crunz.INFO: Test task(object(Closure))   I am running...I am running... print command  [] []
[2022-03-09 11:18:01] crunz.INFO: Test task(object(Closure))   I am running...I am running... print command  [] []
[2022-03-09 11:19:01] crunz.INFO: Test task(object(Closure))   I am running...I am running... print command  [] []
[2022-03-09 11:20:02] crunz.INFO: Test task(object(Closure))   I am running...I am running... print command  [] []
[2022-03-09 11:21:02] crunz.INFO: Test task(object(Closure))   I am running...I am running... print command  [] []
[2022-03-09 11:22:01] crunz.INFO: Test task(object(Closure))   I am running...I am running... print command  [] []
[2022-03-09 11:23:01] crunz.INFO: Test task(object(Closure))   I am running...I am running... print command  [] []
[2022-03-09 11:24:02] crunz.INFO: Test task(object(Closure))   I am running...I am running... print command  [] []
[2022-03-09 11:25:02] crunz.INFO: Test task(object(Closure))   I am running...I am running... print command  [] []
[2022-03-09 11:26:01] crunz.INFO: Test task(object(Closure))   I am running...I am running... print command  [] []
[2022-03-09 11:27:01] crunz.INFO: Test task(object(Closure))   I am running...I am running... print command  [] []
[2022-03-09 11:28:02] crunz.INFO: Test task(object(Closure))   I am running...I am running... print command  [] []
[2022-03-09 11:29:02] crunz.INFO: Test task(object(Closure))   I am running...I am running... print command  [] []
[2022-03-09 11:30:01] crunz.INFO: Test task(object(Closure))   I am running...I am running... print command  [] []
[2022-03-09 11:31:01] crunz.INFO: Test task(object(Closure))   I am running...I am running... print command  [] []
[2022-03-09 11:32:02] crunz.INFO: Test task(object(Closure))   I am running...I am running... print command  [] []
[2022-03-09 11:33:02] crunz.INFO: Test task(object(Closure))   I am running...I am running... print command  [] []
[2022-03-09 11:34:01] crunz.INFO: Test task(object(Closure))   I am running...I am running... print command  [] []
[2022-03-09 11:35:01] crunz.INFO: Test task(object(Closure))   I am running...I am running... print command  [] []
[2022-03-09 11:36:02] crunz.INFO: Test task(object(Closure))   I am running...I am running... print command  [] []
[2022-03-09 11:37:01] crunz.INFO: Test task(object(Closure))   I am running...I am running... print command  [] []
[2022-03-09 11:38:01] crunz.INFO: Test task(object(Closure))   I am running...I am running... print command  [] []
[2022-03-09 11:39:02] crunz.INFO: Test task(object(Closure))   I am running...I am running... print command  [] []
[2022-03-09 11:40:02] crunz.INFO: Test task(object(Closure))   I am running...I am running... print command  [] []
[2022-03-09 11:41:01] crunz.INFO: Test task(object(Closure))   I am running...I am running... print command  [] []
[2022-03-09 11:42:01] crunz.INFO: Test task(object(Closure))   I am running...I am running... print command  [] []
[2022-03-09 11:43:02] crunz.INFO: Test task(object(Closure))   I am running...I am running... print command  [] []
[2022-03-09 11:44:02] crunz.INFO: Test task(object(Closure))   I am running...I am running... print command  [] []
[2022-03-09 11:45:01] crunz.INFO: Test task(object(Closure))   I am running...I am running... print command  [] []
[2022-03-09 11:46:01] crunz.INFO: Test task(object(Closure))   I am running...I am running... print command  [] []
[2022-03-09 11:47:02] crunz.INFO: Test task(object(Closure))   I am running...I am running... print command  [] []
[2022-03-09 11:48:02] crunz.INFO: Test task(object(Closure))   I am running...I am running... print command  [] []
[2022-03-09 11:49:01] crunz.INFO: Test task(object(Closure))   I am running...I am running... print command  [] []
[2022-03-09 11:50:01] crunz.INFO: Test task(object(Closure))   I am running...I am running... print command  [] []
[2022-03-09 11:51:02] crunz.INFO: Test task(object(Closure))   I am running...I am running... print command  [] []
[2022-03-09 11:52:02] crunz.INFO: Test task(object(Closure))   I am running...I am running... print command  [] []
[2022-03-09 11:53:01] crunz.INFO: Test task(object(Closure))   I am running...I am running... print command  [] []
[2022-03-09 11:54:01] crunz.INFO: Test task(object(Closure))   I am running...I am running... print command  [] []
[2022-03-09 11:55:02] crunz.INFO: Test task(object(Closure))   I am running...I am running... print command  [] []
[2022-03-09 11:56:02] crunz.INFO: Test task(object(Closure))   I am running...I am running... print command  [] []
[2022-03-09 11:57:01] crunz.INFO: Test task(object(Closure))   I am running...I am running... print command  [] []
[2022-03-09 11:58:01] crunz.INFO: Test task(object(Closure))   I am running...I am running... print command  [] []
[2022-03-09 11:59:02] crunz.INFO: Test task(object(Closure))   I am running...I am running... print command  [] []
[2022-03-09 12:00:02] crunz.INFO: Test task(object(Closure))   I am running...I am running... print command  [] []
[2022-03-09 12:01:01] crunz.INFO: Test task(object(Closure))   I am running...I am running... print command  [] []
[2022-03-09 12:02:01] crunz.INFO: Test task(object(Closure))   I am running...I am running... print command  [] []
[2022-03-09 12:03:02] crunz.INFO: Test task(object(Closure))   I am running...I am running... print command  [] []
[2022-03-09 12:04:02] crunz.INFO: Test task(object(Closure))   I am running...I am running... print command  [] []
[2022-03-09 12:05:01] crunz.INFO: Test task(object(Closure))   I am running...I am running... print command  [] []
[2022-03-09 12:06:01] crunz.INFO: Test task(object(Closure))   I am running...I am running... print command  [] []
[2022-03-09 12:07:02] crunz.INFO: Test task(object(Closure))   I am running...I am running... print command  [] []
[2022-03-09 12:08:02] crunz.INFO: Test task(object(Closure))   I am running...I am running... print command  [] []
[2022-03-09 12:09:02] crunz.INFO: Test task(object(Closure))   I am running...I am running... print command  [] []
[2022-03-09 12:10:01] crunz.INFO: Test task(object(Closure))   I am running...I am running... print command  [] []
[2022-03-09 12:11:01] crunz.INFO: Test task(object(Closure))   I am running...I am running... print command  [] []
[2022-03-09 12:12:02] crunz.INFO: Test task(object(Closure))   I am running...I am running... print command  [] []
[2022-03-09 12:13:02] crunz.INFO: Test task(object(Closure))   I am running...I am running... print command  [] []
[2022-03-09 12:14:02] crunz.INFO: Test task(object(Closure))   I am running...I am running... print command  [] []
[2022-03-09 12:15:02] crunz.INFO: Test task(object(Closure))   I am running...I am running... print command  [] []
[2022-03-09 12:16:02] crunz.INFO: Test task(object(Closure))   I am running...I am running... print command  [] []
[2022-03-09 12:17:02] crunz.INFO: Test task(object(Closure))   I am running...I am running... print command  [] []
[2022-03-09 12:18:01] crunz.INFO: Test task(object(Closure))   I am running...I am running... print command  [] []
[2022-03-09 12:19:01] crunz.INFO: Test task(object(Closure))   I am running...I am running... print command  [] []
[2022-03-09 12:20:02] crunz.INFO: Test task(object(Closure))   I am running...I am running... print command  [] []
[2022-03-09 12:21:02] crunz.INFO: Test task(object(Closure))   I am running...I am running... print command  [] []
[2022-03-09 12:22:01] crunz.INFO: Test task(object(Closure))   I am running...I am running... print command  [] []
[2022-03-09 12:23:01] crunz.INFO: Test task(object(Closure))   I am running...I am running... print command  [] []
[2022-03-09 12:24:02] crunz.INFO: Test task(object(Closure))   I am running...I am running... print command  [] []
[2022-03-09 12:25:02] crunz.INFO: Test task(object(Closure))   I am running...I am running... print command  [] []
[2022-03-09 12:26:02] crunz.INFO: Test task(object(Closure))   I am running...I am running... print command  [] []
[2022-03-09 12:27:02] crunz.INFO: Test task(object(Closure))   I am running...I am running... print command  [] []
[2022-03-09 12:28:01] crunz.INFO: Test task(object(Closure))   I am running...I am running... print command  [] []
[2022-03-09 12:29:01] crunz.INFO: Test task(object(Closure))   I am running...I am running... print command  [] []
[2022-03-09 12:30:02] crunz.INFO: Test task(object(Closure))   I am running...I am running... print command  [] []
[2022-03-09 12:31:02] crunz.INFO: Test task(object(Closure))   I am running...I am running... print command  [] []
[2022-03-09 12:32:02] crunz.INFO: Test task(object(Closure))   I am running...I am running... print command  [] []
[2022-03-09 12:33:01] crunz.INFO: Test task(object(Closure))   I am running...I am running... print command  [] []
[2022-03-09 12:34:01] crunz.INFO: Test task(object(Closure))   I am running...I am running... print command  [] []
[2022-03-09 12:35:02] crunz.INFO: Test task(object(Closure))   I am running...I am running... print command  [] []
[2022-03-09 12:36:02] crunz.INFO: Test task(object(Closure))   I am running...I am running... print command  [] []
[2022-03-09 12:37:01] crunz.INFO: Test task(object(Closure))   I am running...I am running... print command  [] []
[2022-03-09 12:38:01] crunz.INFO: Test task(object(Closure))   I am running...I am running... print command  [] []
[2022-03-09 12:39:01] crunz.INFO: Test task(object(Closure))   I am running...I am running... print command  [] []
[2022-03-09 12:40:02] crunz.INFO: Test task(object(Closure))   I am running...I am running... print command  [] []
[2022-03-09 12:41:01] crunz.INFO: Test task(object(Closure))   I am running...I am running... print command  [] []
[2022-03-09 12:42:01] crunz.INFO: Test task(object(Closure))   I am running...I am running... print command  [] []
[2022-03-09 12:43:02] crunz.INFO: Test task(object(Closure))   I am running...I am running... print command  [] []
[2022-03-09 12:44:02] crunz.INFO: Test task(object(Closure))   I am running...I am running... print command  [] []
[2022-03-09 12:45:01] crunz.INFO: Test task(object(Closure))   I am running...I am running... print command  [] []
[2022-03-09 12:46:01] crunz.INFO: Test task(object(Closure))   I am running...I am running... print command  [] []
[2022-03-09 12:47:02] crunz.INFO: Test task(object(Closure))   I am running...I am running... print command  [] []
[2022-03-09 12:48:02] crunz.INFO: Test task(object(Closure))   I am running...I am running... print command  [] []
[2022-03-09 12:49:01] crunz.INFO: Test task(object(Closure))   I am running...I am running... print command  [] []
[2022-03-09 12:50:01] crunz.INFO: Test task(object(Closure))   I am running...I am running... print command  [] []
[2022-03-09 12:51:02] crunz.INFO: Test task(object(Closure))   I am running...I am running... print command  [] []
[2022-03-09 12:52:02] crunz.INFO: Test task(object(Closure))   I am running...I am running... print command  [] []
[2022-03-09 12:53:01] crunz.INFO: Test task(object(Closure))   I am running...I am running... print command  [] []
[2022-03-09 12:54:01] crunz.INFO: Test task(object(Closure))   I am running...I am running... print command  [] []
[2022-03-09 12:55:02] crunz.INFO: Test task(object(Closure))   I am running...I am running... print command  [] []
[2022-03-09 12:56:01] crunz.INFO: Test task(object(Closure))   I am running...I am running... print command  [] []
[2022-03-09 12:57:01] crunz.INFO: Test task(object(Closure))   I am running...I am running... print command  [] []
[2022-03-09 12:58:02] crunz.INFO: Test task(object(Closure))   I am running...I am running... print command  [] []
[2022-03-09 12:59:02] crunz.INFO: Test task(object(Closure))   I am running...I am running... print command  [] []
[2022-03-09 13:00:01] crunz.INFO: Test task(object(Closure))   I am running...I am running... print command  [] []
[2022-03-09 13:01:01] crunz.INFO: Test task(object(Closure))   I am running...I am running... print command  [] []
[2022-03-09 13:02:02] crunz.INFO: Test task(object(Closure))   I am running...I am running... print command  [] []
[2022-03-09 13:03:02] crunz.INFO: Test task(object(Closure))   I am running...I am running... print command  [] []
[2022-03-09 13:04:01] crunz.INFO: Test task(object(Closure))   I am running...I am running... print command  [] []
[2022-03-09 13:05:01] crunz.INFO: Test task(object(Closure))   I am running...I am running... print command  [] []
[2022-03-09 13:06:02] crunz.INFO: Test task(object(Closure))   I am running...I am running... print command  [] []
[2022-03-09 13:07:02] crunz.INFO: Test task(object(Closure))   I am running...I am running... print command  [] []
[2022-03-09 13:08:01] crunz.INFO: Test task(object(Closure))   I am running...I am running... print command  [] []
[2022-03-09 13:09:01] crunz.INFO: Test task(object(Closure))   I am running...I am running... print command  [] []
[2022-03-09 13:10:02] crunz.INFO: Test task(object(Closure))   I am running...I am running... print command  [] []
[2022-03-09 13:11:02] crunz.INFO: Test task(object(Closure))   I am running...I am running... print command  [] []
[2022-03-09 13:12:02] crunz.INFO: Test task(object(Closure))   I am running...I am running... print command  [] []
[2022-03-09 13:13:01] crunz.INFO: Test task(object(Closure))   I am running...I am running... print command  [] []
[2022-03-09 13:14:01] crunz.INFO: Test task(object(Closure))   I am running...I am running... print command  [] []
[2022-03-09 13:15:02] crunz.INFO: Test task(object(Closure))   I am running...I am running... print command  [] []
[2022-03-09 13:16:02] crunz.INFO: Test task(object(Closure))   I am running...I am running... print command  [] []
[2022-03-09 13:17:01] crunz.INFO: Test task(object(Closure))   I am running...I am running... print command  [] []
[2022-03-09 13:18:01] crunz.INFO: Test task(object(Closure))   I am running...I am running... print command  [] []
[2022-03-09 13:19:02] crunz.INFO: Test task(object(Closure))   I am running...I am running... print command  [] []
[2022-03-09 13:20:02] crunz.INFO: Test task(object(Closure))   I am running...I am running... print command  [] []
[2022-03-09 13:21:01] crunz.INFO: Test task(object(Closure))   I am running...I am running... print command  [] []
[2022-03-09 13:22:01] crunz.INFO: Test task(object(Closure))   I am running...I am running... print command  [] []
[2022-03-09 13:23:02] crunz.INFO: Test task(object(Closure))   I am running...I am running... print command  [] []
[2022-03-09 13:24:02] crunz.INFO: Test task(object(Closure))   I am running...I am running... print command  [] []
[2022-03-09 13:25:01] crunz.INFO: Test task(object(Closure))   I am running...I am running... print command  [] []
[2022-03-09 13:26:01] crunz.INFO: Test task(object(Closure))   I am running...I am running... print command  [] []
[2022-03-09 13:27:02] crunz.INFO: Test task(object(Closure))   I am running...I am running... print command  [] []
[2022-03-09 13:28:02] crunz.INFO: Test task(object(Closure))   I am running...I am running... print command  [] []
[2022-03-09 13:29:01] crunz.INFO: Test task(object(Closure))   I am running...I am running... print command  [] []
[2022-03-09 13:30:01] crunz.INFO: Test task(object(Closure))   I am running...I am running... print command  [] []
[2022-03-09 13:31:02] crunz.INFO: Test task(object(Closure))   I am running...I am running... print command  [] []
[2022-03-09 13:32:02] crunz.INFO: Test task(object(Closure))   I am running...I am running... print command  [] []
[2022-03-09 13:33:02] crunz.INFO: Test task(object(Closure))   I am running...I am running... print command  [] []
[2022-03-09 13:34:01] crunz.INFO: Test task(object(Closure))   I am running...I am running... print command  [] []
[2022-03-09 13:35:01] crunz.INFO: Test task(object(Closure))   I am running...I am running... print command  [] []
[2022-03-09 13:36:02] crunz.INFO: Test task(object(Closure))   I am running...I am running... print command  [] []
[2022-03-09 13:37:02] crunz.INFO: Test task(object(Closure))   I am running...I am running... print command  [] []
[2022-03-09 13:38:01] crunz.INFO: Test task(object(Closure))   I am running...I am running... print command  [] []
[2022-03-09 13:39:01] crunz.INFO: Test task(object(Closure))   I am running...I am running... print command  [] []
[2022-03-09 13:40:02] crunz.INFO: Test task(object(Closure))   I am running...I am running... print command  [] []
[2022-03-09 13:41:02] crunz.INFO: Test task(object(Closure))   I am running...I am running... print command  [] []
[2022-03-09 13:42:01] crunz.INFO: Test task(object(Closure))   I am running...I am running... print command  [] []
[2022-03-09 13:43:01] crunz.INFO: Test task(object(Closure))   I am running...I am running... print command  [] []
[2022-03-09 13:44:02] crunz.INFO: Test task(object(Closure))   I am running...I am running... print command  [] []
[2022-03-09 13:45:02] crunz.INFO: Test task(object(Closure))   I am running...I am running... print command  [] []
[2022-03-09 13:46:02] crunz.INFO: Test task(object(Closure))   I am running...I am running... print command  [] []
[2022-03-09 13:47:01] crunz.INFO: Test task(object(Closure))   I am running...I am running... print command  [] []
[2022-03-09 13:48:02] crunz.INFO: Test task(object(Closure))   I am running...I am running... print command  [] []
[2022-03-09 13:49:01] crunz.INFO: Test task(object(Closure))   I am running...I am running... print command  [] []
[2022-03-09 13:50:02] crunz.INFO: Test task(object(Closure))   I am running...I am running... print command  [] []
[2022-03-09 13:51:01] crunz.INFO: Test task(object(Closure))   I am running...I am running... print command  [] []
[2022-03-09 13:52:01] crunz.INFO: Test task(object(Closure))   I am running...I am running... print command  [] []
[2022-03-09 13:53:01] crunz.INFO: Test task(object(Closure))   I am running...I am running... print command  [] []
[2022-03-09 13:54:02] crunz.INFO: Test task(object(Closure))   I am running...I am running... print command  [] []
[2022-03-09 13:55:02] crunz.INFO: Test task(object(Closure))   I am running...I am running... print command  [] []
[2022-03-09 13:56:01] crunz.INFO: Test task(object(Closure))   I am running...I am running... print command  [] []
[2022-03-09 13:57:01] crunz.INFO: Test task(object(Closure))   I am running...I am running... print command  [] []
[2022-03-09 13:58:02] crunz.INFO: Test task(object(Closure))   I am running...I am running... print command  [] []
[2022-03-09 13:59:02] crunz.INFO: Test task(object(Closure))   I am running...I am running... print command  [] []
[2022-03-09 14:00:01] crunz.INFO: Test task(object(Closure))   I am running...I am running... print command  [] []
[2022-03-09 14:01:01] crunz.INFO: Test task(object(Closure))   I am running...I am running... print command  [] []
[2022-03-09 14:02:02] crunz.INFO: Test task(object(Closure))   I am running...I am running... print command  [] []
[2022-03-09 14:03:02] crunz.INFO: Test task(object(Closure))   I am running...I am running... print command  [] []
[2022-03-09 14:04:01] crunz.INFO: Test task(object(Closure))   I am running...I am running... print command  [] []
[2022-03-09 14:05:01] crunz.INFO: Test task(object(Closure))   I am running...I am running... print command  [] []
[2022-03-09 14:06:02] crunz.INFO: Test task(object(Closure))   I am running...I am running... print command  [] []
[2022-03-09 15:56:32] crunz.INFO: Test task(object(Closure))   I am running...I am running... print command  [] []
[2022-03-09 15:57:01] crunz.INFO: Test task(object(Closure))   I am running...I am running... print command  [] []
[2022-03-09 17:15:02] crunz.INFO: Test task(object(Closure))   I am running...I am running... print command  [] []
[2022-03-09 17:16:02] crunz.INFO: Test task(object(Closure))   I am running...I am running... print command  [] []
[2022-03-09 17:17:01] crunz.INFO: Test task(object(Closure))   I am running...I am running... print command  [] []
[2022-03-09 17:18:01] crunz.INFO: Test task(object(Closure))   I am running...I am running... print command  [] []
[2022-03-09 17:19:02] crunz.INFO: Test task(object(Closure))   I am running...I am running... print command  [] []
[2022-03-09 17:20:02] crunz.INFO: Test task(object(Closure))   I am running...I am running... print command  [] []
[2022-03-09 17:21:01] crunz.INFO: Test task(object(Closure))   I am running...I am running... print command  [] []
[2022-03-09 17:22:01] crunz.INFO: Test task(object(Closure))   I am running...I am running... print command  [] []
[2022-03-09 17:23:02] crunz.INFO: Test task(object(Closure))   I am running...I am running... print command  [] []
[2022-03-09 17:24:02] crunz.INFO: Test task(object(Closure))   I am running...I am running... print command  [] []
[2022-03-09 17:25:01] crunz.INFO: Test task(object(Closure))   I am running...I am running... print command  [] []
[2022-03-09 17:26:01] crunz.INFO: Test task(object(Closure))   I am running...I am running... print command  [] []
[2022-03-09 17:27:02] crunz.INFO: Test task(object(Closure))   I am running...I am running... print command  [] []
[2022-03-09 17:28:02] crunz.INFO: Test task(object(Closure))   I am running...I am running... print command  [] []
[2022-03-09 17:29:01] crunz.INFO: Test task(object(Closure))   I am running...I am running... print command  [] []
[2022-03-09 17:30:01] crunz.INFO: Test task(object(Closure))   I am running...I am running... print command  [] []
[2022-03-09 17:31:02] crunz.INFO: Test task(object(Closure))   I am running...I am running... print command  [] []
[2022-03-09 17:32:02] crunz.INFO: Test task(object(Closure))   I am running...I am running... print command  [] []
[2022-03-09 17:33:02] crunz.INFO: Test task(object(Closure))   I am running...I am running... print command  [] []
[2022-03-09 17:34:01] crunz.INFO: Test task(object(Closure))   I am running...I am running... print command  [] []
[2022-03-09 17:35:01] crunz.INFO: Test task(object(Closure))   I am running...I am running... print command  [] []
[2022-03-09 17:36:02] crunz.INFO: Test task(object(Closure))   I am running...I am running... print command  [] []
[2022-03-09 17:37:02] crunz.INFO: Test task(object(Closure))   I am running...I am running... print command  [] []
[2022-03-09 17:38:01] crunz.INFO: Test task(object(Closure))   I am running...I am running... print command  [] []
[2022-03-09 17:39:01] crunz.INFO: Test task(object(Closure))   I am running...I am running... print command  [] []
[2022-03-09 17:40:02] crunz.INFO: Test task(object(Closure))   I am running...I am running... print command  [] []
[2022-03-09 17:41:02] crunz.INFO: Test task(object(Closure))   I am running...I am running... print command  [] []
[2022-03-09 17:42:01] crunz.INFO: Test task(object(Closure))   I am running...I am running... print command  [] []
[2022-03-09 17:43:01] crunz.INFO: Test task(object(Closure))   I am running...I am running... print command  [] []
[2022-03-09 17:44:02] crunz.INFO: Test task(object(Closure))   I am running...I am running... print command  [] []
[2022-03-09 17:45:01] crunz.INFO: Test task(object(Closure))   I am running...I am running... print command  [] []
[2022-03-09 17:46:01] crunz.INFO: Test task(object(Closure))   I am running...I am running... print command  [] []
[2022-03-09 17:47:01] crunz.INFO: Test task(object(Closure))   I am running...I am running... print command  [] []
[2022-03-09 17:48:02] crunz.INFO: Test task(object(Closure))   I am running...I am running... print command  [] []
[2022-03-09 17:49:01] crunz.INFO: Test task(object(Closure))   I am running...I am running... print command  [] []
[2022-03-09 17:50:01] crunz.INFO: Test task(object(Closure))   I am running...I am running... print command  [] []
[2022-03-09 17:51:02] crunz.INFO: Test task(object(Closure))   I am running...I am running... print command  [] []
[2022-03-09 17:52:02] crunz.INFO: Test task(object(Closure))   I am running...I am running... print command  [] []
[2022-03-09 17:53:01] crunz.INFO: Test task(object(Closure))   I am running...I am running... print command  [] []
[2022-03-09 17:54:01] crunz.INFO: Test task(object(Closure))   I am running...I am running... print command  [] []
[2022-03-09 17:55:02] crunz.INFO: Test task(object(Closure))   I am running...I am running... print command  [] []
[2022-03-09 17:56:01] crunz.INFO: Test task(object(Closure))   I am running...I am running... print command  [] []
[2022-03-09 17:57:01] crunz.INFO: Test task(object(Closure))   I am running...I am running... print command  [] []
[2022-03-09 17:58:02] crunz.INFO: Test task(object(Closure))   I am running...I am running... print command  [] []
[2022-03-09 17:59:02] crunz.INFO: Test task(object(Closure))   I am running...I am running... print command  [] []
[2022-03-09 18:00:01] crunz.INFO: Test task(object(Closure))   I am running...I am running... print command  [] []
[2022-03-09 18:01:02] crunz.INFO: Test task(object(Closure))   I am running...I am running... print command  [] []
[2022-03-09 18:02:01] crunz.INFO: Test task(object(Closure))   I am running...I am running... print command  [] []
[2022-03-09 18:03:01] crunz.INFO: Test task(object(Closure))   I am running...I am running... print command  [] []
[2022-03-09 18:04:02] crunz.INFO: Test task(object(Closure))   I am running...I am running... print command  [] []
[2022-03-09 18:05:02] crunz.INFO: Test task(object(Closure))   I am running...I am running... print command  [] []
[2022-03-09 18:06:01] crunz.INFO: Test task(object(Closure))   I am running...I am running... print command  [] []
[2022-03-09 18:07:01] crunz.INFO: Test task(object(Closure))   I am running...I am running... print command  [] []
[2022-03-09 18:08:02] crunz.INFO: Test task(object(Closure))   I am running...I am running... print command  [] []
[2022-03-09 18:09:02] crunz.INFO: Test task(object(Closure))   I am running...I am running... print command  [] []
[2022-03-09 18:10:01] crunz.INFO: Test task(object(Closure))   I am running...I am running... print command  [] []
[2022-03-09 18:11:01] crunz.INFO: Test task(object(Closure))   I am running...I am running... print command  [] []
[2022-03-09 18:12:02] crunz.INFO: Test task(object(Closure))   I am running...I am running... print command  [] []
[2022-03-10 23:21:47] crunz.INFO: Test task(object(Closure))   I am running...I am running... print command  [] []
[2022-03-10 23:22:01] crunz.INFO: Test task(object(Closure))   I am running...I am running... print command  [] []
[2022-03-10 23:23:01] crunz.INFO: Test task(object(Closure))   I am running...I am running... print command  [] []
[2022-03-10 23:24:01] crunz.INFO: Test task(object(Closure))   I am running...I am running... print command  [] []
[2022-03-10 23:25:02] crunz.INFO: Test task(object(Closure))   I am running...I am running... print command  [] []
[2022-03-10 23:26:02] crunz.INFO: Test task(object(Closure))   I am running...I am running... print command  [] []
[2022-03-10 23:27:01] crunz.INFO: Test task(object(Closure))   I am running...I am running... print command  [] []
[2022-03-10 23:28:01] crunz.INFO: Test task(object(Closure))   I am running...I am running... print command  [] []
[2022-03-10 23:29:01] crunz.INFO: Test task(object(Closure))   I am running...I am running... print command  [] []
[2022-03-10 23:30:02] crunz.INFO: Test task(object(Closure))   I am running...I am running... print command  [] []
[2022-03-10 23:31:02] crunz.INFO: Test task(object(Closure))   I am running...I am running... print command  [] []
[2022-03-10 23:32:01] crunz.INFO: Test task(object(Closure))   I am running...I am running... print command  [] []
[2022-03-10 23:33:01] crunz.INFO: Test task(object(Closure))   I am running...I am running... print command  [] []
[2022-03-10 23:34:02] crunz.INFO: Test task(object(Closure))   I am running...I am running... print command  [] []
[2022-03-10 23:35:02] crunz.INFO: Test task(object(Closure))   I am running...I am running... print command  [] []
[2022-03-10 23:36:01] crunz.INFO: Test task(object(Closure))   I am running...I am running... print command  [] []
[2022-03-10 23:37:01] crunz.INFO: Test task(object(Closure))   I am running...I am running... print command  [] []
[2022-03-10 23:38:02] crunz.INFO: Test task(object(Closure))   I am running...I am running... print command  [] []
[2022-03-10 23:39:02] crunz.INFO: Test task(object(Closure))   I am running...I am running... print command  [] []
[2022-03-10 23:40:01] crunz.INFO: Test task(object(Closure))   I am running...I am running... print command  [] []
[2022-03-10 23:41:01] crunz.INFO: Test task(object(Closure))   I am running...I am running... print command  [] []
[2022-03-10 23:42:02] crunz.INFO: Test task(object(Closure))   I am running...I am running... print command  [] []
[2022-03-10 23:43:01] crunz.INFO: Test task(object(Closure))   I am running...I am running... print command  [] []
[2022-03-10 23:44:02] crunz.INFO: Test task(object(Closure))   I am running...I am running... print command  [] []
[2022-03-10 23:45:01] crunz.INFO: Test task(object(Closure))   I am running...I am running... print command  [] []
[2022-03-10 23:46:01] crunz.INFO: Test task(object(Closure))   I am running...I am running... print command  [] []
[2022-03-10 23:47:02] crunz.INFO: Test task(object(Closure))   I am running...I am running... print command  [] []
[2022-03-10 23:48:03] crunz.INFO: Test task(object(Closure))   I am running...I am running... print command  [] []
[2022-03-10 23:49:02] crunz.INFO: Test task(object(Closure))   I am running...I am running... print command  [] []
[2022-03-10 23:50:01] crunz.INFO: Test task(object(Closure))   I am running...I am running... print command  [] []
[2022-03-10 23:51:01] crunz.INFO: Test task(object(Closure))   I am running...I am running... print command  [] []
[2022-03-10 23:52:02] crunz.INFO: Test task(object(Closure))   I am running...I am running... print command  [] []
[2022-03-10 23:53:02] crunz.INFO: Test task(object(Closure))   I am running...I am running... print command  [] []
[2022-03-10 23:54:01] crunz.INFO: Test task(object(Closure))   I am running...I am running... print command  [] []
[2022-03-10 23:55:01] crunz.INFO: Test task(object(Closure))   I am running...I am running... print command  [] []
[2022-03-10 23:56:02] crunz.INFO: Test task(object(Closure))   I am running...I am running... print command  [] []
[2022-03-10 23:57:02] crunz.INFO: Test task(object(Closure))   I am running...I am running... print command  [] []
[2022-03-10 23:58:02] crunz.INFO: Test task(object(Closure))   I am running...I am running... print command  [] []
[2022-03-10 23:59:01] crunz.INFO: Test task(object(Closure))   I am running...I am running... print command  [] []
[2022-03-11 00:00:04] crunz.INFO: Test task(object(Closure))   I am running...I am running... print command  [] []
[2022-03-11 00:01:02] crunz.INFO: Test task(object(Closure))   I am running...I am running... print command  [] []
[2022-03-11 00:02:02] crunz.INFO: Test task(object(Closure))   I am running...I am running... print command  [] []
[2022-03-11 00:03:01] crunz.INFO: Test task(object(Closure))   I am running...I am running... print command  [] []
[2022-03-11 00:04:02] crunz.INFO: Test task(object(Closure))   I am running...I am running... print command  [] []
[2022-03-11 00:05:02] crunz.INFO: Test task(object(Closure))   I am running...I am running... print command  [] []
[2022-03-11 00:06:02] crunz.INFO: Test task(object(Closure))   I am running...I am running... print command  [] []
[2022-03-11 00:07:01] crunz.INFO: Test task(object(Closure))   I am running...I am running... print command  [] []
[2022-03-11 00:08:02] crunz.INFO: Test task(object(Closure))   I am running...I am running... print command  [] []
[2022-03-11 00:09:01] crunz.INFO: Test task(object(Closure))   I am running...I am running... print command  [] []
[2022-03-11 00:10:02] crunz.INFO: Test task(object(Closure))   I am running...I am running... print command  [] []
[2022-03-11 00:11:02] crunz.INFO: Test task(object(Closure))   I am running...I am running... print command  [] []
[2022-03-11 00:12:01] crunz.INFO: Test task(object(Closure))   I am running...I am running... print command  [] []
[2022-03-11 00:13:01] crunz.INFO: Test task(object(Closure))   I am running...I am running... print command  [] []
[2022-03-11 00:14:02] crunz.INFO: Test task(object(Closure))   I am running...I am running... print command  [] []
[2022-03-11 00:15:02] crunz.INFO: Test task(object(Closure))   I am running...I am running... print command  [] []
[2022-03-11 00:16:01] crunz.INFO: Test task(object(Closure))   I am running...I am running... print command  [] []
[2022-03-11 00:17:01] crunz.INFO: Test task(object(Closure))   I am running...I am running... print command  [] []
[2022-03-11 00:18:02] crunz.INFO: Test task(object(Closure))   I am running...I am running... print command  [] []
[2022-03-11 00:19:02] crunz.INFO: Test task(object(Closure))   I am running...I am running... print command  [] []
[2022-03-11 00:20:02] crunz.INFO: Test task(object(Closure))   I am running...I am running... print command  [] []
[2022-03-11 00:21:02] crunz.INFO: Test task(object(Closure))   I am running...I am running... print command  [] []
[2022-03-11 00:22:01] crunz.INFO: Test task(object(Closure))   I am running...I am running... print command  [] []
[2022-03-11 00:23:01] crunz.INFO: Test task(object(Closure))   I am running...I am running... print command  [] []
[2022-03-11 00:24:02] crunz.INFO: Test task(object(Closure))   I am running...I am running... print command  [] []
[2022-03-11 00:25:02] crunz.INFO: Test task(object(Closure))   I am running...I am running... print command  [] []
[2022-03-11 00:26:01] crunz.INFO: Test task(object(Closure))   I am running...I am running... print command  [] []
[2022-03-11 00:27:01] crunz.INFO: Test task(object(Closure))   I am running...I am running... print command  [] []
[2022-03-11 00:28:02] crunz.INFO: Test task(object(Closure))   I am running...I am running... print command  [] []
[2022-03-11 00:29:02] crunz.INFO: Test task(object(Closure))   I am running...I am running... print command  [] []
[2022-03-11 00:30:01] crunz.INFO: Test task(object(Closure))   I am running...I am running... print command  [] []
[2022-03-11 00:31:01] crunz.INFO: Test task(object(Closure))   I am running...I am running... print command  [] []
[2022-03-11 00:32:02] crunz.INFO: Test task(object(Closure))   I am running...I am running... print command  [] []
[2022-03-11 00:33:02] crunz.INFO: Test task(object(Closure))   I am running...I am running... print command  [] []
[2022-03-11 00:34:01] crunz.INFO: Test task(object(Closure))   I am running...I am running... print command  [] []
[2022-03-11 00:35:01] crunz.INFO: Test task(object(Closure))   I am running...I am running... print command  [] []
[2022-03-11 00:36:02] crunz.INFO: Test task(object(Closure))   I am running...I am running... print command  [] []
[2022-03-11 00:37:02] crunz.INFO: Test task(object(Closure))   I am running...I am running... print command  [] []
[2022-03-11 00:38:01] crunz.INFO: Test task(object(Closure))   I am running...I am running... print command  [] []
[2022-03-11 00:39:01] crunz.INFO: Test task(object(Closure))   I am running...I am running... print command  [] []
[2022-03-11 00:40:01] crunz.INFO: Test task(object(Closure))   I am running...I am running... print command  [] []
[2022-03-11 00:41:03] crunz.INFO: Test task(object(Closure))   I am running...I am running... print command  [] []
[2022-03-11 00:42:02] crunz.INFO: Test task(object(Closure))   I am running...I am running... print command  [] []
[2022-03-11 00:43:01] crunz.INFO: Test task(object(Closure))   I am running...I am running... print command  [] []
[2022-03-11 00:44:01] crunz.INFO: Test task(object(Closure))   I am running...I am running... print command  [] []
[2022-03-11 00:45:02] crunz.INFO: Test task(object(Closure))   I am running...I am running... print command  [] []
[2022-03-11 00:46:02] crunz.INFO: Test task(object(Closure))   I am running...I am running... print command  [] []
[2022-03-11 00:47:01] crunz.INFO: Test task(object(Closure))   I am running...I am running... print command  [] []
[2022-03-11 00:48:01] crunz.INFO: Test task(object(Closure))   I am running...I am running... print command  [] []
[2022-03-11 00:49:01] crunz.INFO: Test task(object(Closure))   I am running...I am running... print command  [] []
[2022-03-11 00:50:02] crunz.INFO: Test task(object(Closure))   I am running...I am running... print command  [] []
[2022-03-11 00:51:02] crunz.INFO: Test task(object(Closure))   I am running...I am running... print command  [] []
[2022-03-11 00:52:01] crunz.INFO: Test task(object(Closure))   I am running...I am running... print command  [] []
[2022-03-11 00:53:01] crunz.INFO: Test task(object(Closure))   I am running...I am running... print command  [] []
[2022-03-11 00:54:02] crunz.INFO: Test task(object(Closure))   I am running...I am running... print command  [] []
[2022-03-11 00:55:02] crunz.INFO: Test task(object(Closure))   I am running...I am running... print command  [] []
[2022-03-11 00:56:02] crunz.INFO: Test task(object(Closure))   I am running...I am running... print command  [] []
[2022-03-11 00:57:01] crunz.INFO: Test task(object(Closure))   I am running...I am running... print command  [] []
[2022-03-11 00:58:01] crunz.INFO: Test task(object(Closure))   I am running...I am running... print command  [] []
[2022-03-11 00:59:02] crunz.INFO: Test task(object(Closure))   I am running...I am running... print command  [] []
[2022-03-11 01:00:02] crunz.INFO: Test task(object(Closure))   I am running...I am running... print command  [] []
[2022-03-11 01:01:01] crunz.INFO: Test task(object(Closure))   I am running...I am running... print command  [] []
[2022-03-11 01:02:01] crunz.INFO: Test task(object(Closure))   I am running...I am running... print command  [] []
[2022-03-11 01:03:02] crunz.INFO: Test task(object(Closure))   I am running...I am running... print command  [] []
[2022-03-11 01:04:03] crunz.INFO: Test task(object(Closure))   I am running...I am running... print command  [] []
[2022-03-11 01:05:02] crunz.INFO: Test task(object(Closure))   I am running...I am running... print command  [] []
[2022-03-11 01:06:01] crunz.INFO: Test task(object(Closure))   I am running...I am running... print command  [] []
[2022-03-11 01:07:01] crunz.INFO: Test task(object(Closure))   I am running...I am running... print command  [] []
[2022-03-11 01:08:02] crunz.INFO: Test task(object(Closure))   I am running...I am running... print command  [] []
[2022-03-11 01:09:01] crunz.INFO: Test task(object(Closure))   I am running...I am running... print command  [] []
[2022-03-11 01:10:02] crunz.INFO: Test task(object(Closure))   I am running...I am running... print command  [] []
[2022-03-11 01:11:02] crunz.INFO: Test task(object(Closure))   I am running...I am running... print command  [] []
[2022-03-11 01:12:01] crunz.INFO: Test task(object(Closure))   I am running...I am running... print command  [] []
[2022-03-11 01:13:01] crunz.INFO: Test task(object(Closure))   I am running...I am running... print command  [] []
[2022-03-11 01:14:01] crunz.INFO: Test task(object(Closure))   I am running...I am running... print command  [] []
[2022-03-11 01:15:02] crunz.INFO: Test task(object(Closure))   I am running...I am running... print command  [] []
[2022-03-11 01:16:02] crunz.INFO: Test task(object(Closure))   I am running...I am running... print command  [] []
[2022-03-11 01:17:02] crunz.INFO: Test task(object(Closure))   I am running...I am running... print command  [] []
[2022-03-11 01:18:01] crunz.INFO: Test task(object(Closure))   I am running...I am running... print command  [] []
[2022-03-11 01:19:01] crunz.INFO: Test task(object(Closure))   I am running...I am running... print command  [] []
[2022-03-11 01:20:01] crunz.INFO: Test task(object(Closure))   I am running...I am running... print command  [] []
[2022-03-11 01:21:02] crunz.INFO: Test task(object(Closure))   I am running...I am running... print command  [] []
[2022-03-11 01:22:02] crunz.INFO: Test task(object(Closure))   I am running...I am running... print command  [] []
[2022-03-11 01:23:01] crunz.INFO: Test task(object(Closure))   I am running...I am running... print command  [] []
[2022-03-11 01:24:01] crunz.INFO: Test task(object(Closure))   I am running...I am running... print command  [] []
[2022-03-11 01:25:02] crunz.INFO: Test task(object(Closure))   I am running...I am running... print command  [] []
[2022-03-11 01:26:02] crunz.INFO: Test task(object(Closure))   I am running...I am running... print command  [] []
[2022-03-11 01:27:01] crunz.INFO: Test task(object(Closure))   I am running...I am running... print command  [] []
[2022-03-11 01:28:01] crunz.INFO: Test task(object(Closure))   I am running...I am running... print command  [] []
[2022-03-11 01:29:02] crunz.INFO: Test task(object(Closure))   I am running...I am running... print command  [] []
[2022-03-11 01:30:02] crunz.INFO: Test task(object(Closure))   I am running...I am running... print command  [] []
[2022-03-11 01:31:01] crunz.INFO: Test task(object(Closure))   I am running...I am running... print command  [] []
[2022-03-11 01:32:01] crunz.INFO: Test task(object(Closure))   I am running...I am running... print command  [] []
[2022-03-11 01:33:02] crunz.INFO: Test task(object(Closure))   I am running...I am running... print command  [] []
[2022-03-11 01:34:02] crunz.INFO: Test task(object(Closure))   I am running...I am running... print command  [] []
[2022-03-11 01:35:01] crunz.INFO: Test task(object(Closure))   I am running...I am running... print command  [] []
[2022-03-11 01:36:01] crunz.INFO: Test task(object(Closure))   I am running...I am running... print command  [] []
[2022-03-11 01:37:02] crunz.INFO: Test task(object(Closure))   I am running...I am running... print command  [] []
[2022-03-11 01:38:02] crunz.INFO: Test task(object(Closure))   I am running...I am running... print command  [] []
[2022-03-11 01:39:01] crunz.INFO: Test task(object(Closure))   I am running...I am running... print command  [] []
[2022-03-11 01:40:01] crunz.INFO: Test task(object(Closure))   I am running...I am running... print command  [] []
[2022-03-11 01:41:02] crunz.INFO: Test task(object(Closure))   I am running...I am running... print command  [] []
[2022-03-11 01:42:02] crunz.INFO: Test task(object(Closure))   I am running...I am running... print command  [] []
[2022-03-11 01:43:01] crunz.INFO: Test task(object(Closure))   I am running...I am running... print command  [] []
[2022-03-11 01:44:01] crunz.INFO: Test task(object(Closure))   I am running...I am running... print command  [] []
[2022-03-11 01:45:02] crunz.INFO: Test task(object(Closure))   I am running...I am running... print command  [] []
[2022-03-11 01:46:02] crunz.INFO: Test task(object(Closure))   I am running...I am running... print command  [] []
[2022-03-11 01:47:01] crunz.INFO: Test task(object(Closure))   I am running...I am running... print command  [] []
[2022-03-11 01:48:01] crunz.INFO: Test task(object(Closure))   I am running...I am running... print command  [] []
[2022-03-11 01:49:02] crunz.INFO: Test task(object(Closure))   I am running...I am running... print command  [] []
[2022-03-11 01:50:02] crunz.INFO: Test task(object(Closure))   I am running...I am running... print command  [] []
[2022-03-11 01:51:01] crunz.INFO: Test task(object(Closure))   I am running...I am running... print command  [] []
[2022-03-11 01:52:01] crunz.INFO: Test task(object(Closure))   I am running...I am running... print command  [] []
[2022-03-11 14:10:12] crunz.INFO: Test task(object(Closure))   I am running...I am running... print command  [] []
[2022-03-11 14:11:01] crunz.INFO: Test task(object(Closure))   I am running...I am running... print command  [] []
[2022-03-11 14:12:02] crunz.INFO: Test task(object(Closure))   I am running...I am running... print command  [] []
[2022-03-11 14:13:01] crunz.INFO: Test task(object(Closure))   I am running...I am running... print command  [] []
[2022-03-11 14:14:01] crunz.INFO: Test task(object(Closure))   I am running...I am running... print command  [] []
[2022-03-11 14:15:02] crunz.INFO: Test task(object(Closure))   I am running...I am running... print command  [] []
[2022-03-11 14:16:02] crunz.INFO: Test task(object(Closure))   I am running...I am running... print command  [] []
[2022-03-11 14:17:01] crunz.INFO: Test task(object(Closure))   I am running...I am running... print command  [] []
[2022-03-11 14:18:01] crunz.INFO: Test task(object(Closure))   I am running...I am running... print command  [] []
[2022-03-11 14:19:02] crunz.INFO: Test task(object(Closure))   I am running...I am running... print command  [] []
[2022-03-11 14:20:02] crunz.INFO: Test task(object(Closure))   I am running...I am running... print command  [] []
[2022-03-11 14:21:01] crunz.INFO: Test task(object(Closure))   I am running...I am running... print command  [] []
[2022-03-11 14:22:01] crunz.INFO: Test task(object(Closure))   I am running...I am running... print command  [] []
[2022-03-11 14:23:02] crunz.INFO: Test task(object(Closure))   I am running...I am running... print command  [] []
[2022-03-11 14:24:02] crunz.INFO: Test task(object(Closure))   I am running...I am running... print command  [] []
[2022-03-11 14:25:02] crunz.INFO: Test task(object(Closure))   I am running...I am running... print command  [] []
[2022-03-13 00:14:15] crunz.INFO: Test task(object(Closure))   I am running...I am running... print command  [] []
[2022-03-13 00:15:01] crunz.INFO: Test task(object(Closure))   I am running...I am running... print command  [] []
[2022-03-13 00:16:01] crunz.INFO: Test task(object(Closure))   I am running...I am running... print command  [] []
[2022-03-13 00:17:05] crunz.INFO: Test task(object(Closure))   I am running...I am running... print command  [] []
[2022-03-13 00:18:04] crunz.INFO: Test task(object(Closure))   I am running...I am running... print command  [] []
[2022-03-13 00:19:01] crunz.INFO: Test task(object(Closure))   I am running...I am running... print command  [] []
[2022-03-13 00:20:02] crunz.INFO: Test task(object(Closure))   I am running...I am running... print command  [] []
[2022-03-13 00:21:04] crunz.INFO: Test task(object(Closure))   I am running...I am running... print command  [] []
[2022-03-13 00:22:02] crunz.INFO: Test task(object(Closure))   I am running...I am running... print command  [] []
[2022-03-13 00:23:02] crunz.INFO: Test task(object(Closure))   I am running...I am running... print command  [] []
[2022-03-13 00:24:02] crunz.INFO: Test task(object(Closure))   I am running...I am running... print command  [] []
[2022-03-13 00:25:02] crunz.INFO: Test task(object(Closure))   I am running...I am running... print command  [] []
[2022-03-13 00:26:02] crunz.INFO: Test task(object(Closure))   I am running...I am running... print command  [] []
[2022-03-13 00:27:03] crunz.INFO: Test task(object(Closure))   I am running...I am running... print command  [] []
[2022-03-13 00:28:01] crunz.INFO: Test task(object(Closure))   I am running...I am running... print command  [] []
[2022-03-13 00:29:01] crunz.INFO: Test task(object(Closure))   I am running...I am running... print command  [] []
[2022-03-13 00:30:02] crunz.INFO: Test task(object(Closure))   I am running...I am running... print command  [] []
[2022-03-13 00:31:02] crunz.INFO: Test task(object(Closure))   I am running...I am running... print command  [] []
[2022-03-13 00:32:01] crunz.INFO: Test task(object(Closure))   I am running...I am running... print command  [] []
[2022-03-13 00:33:02] crunz.INFO: Test task(object(Closure))   I am running...I am running... print command  [] []
[2022-03-13 00:34:01] crunz.INFO: Test task(object(Closure))   I am running...I am running... print command  [] []
[2022-03-13 00:35:02] crunz.INFO: Test task(object(Closure))   I am running...I am running... print command  [] []
[2022-03-13 00:36:02] crunz.INFO: Test task(object(Closure))   I am running...I am running... print command  [] []
[2022-03-13 00:37:10] crunz.INFO: Test task(object(Closure))   I am running...I am running... print command  [] []
[2022-03-13 00:38:08] crunz.INFO: Test task(object(Closure))   I am running...I am running... print command  [] []
[2022-03-13 00:39:08] crunz.INFO: Test task(object(Closure))   I am running...I am running... print command  [] []
[2022-03-13 00:40:04] crunz.INFO: Test task(object(Closure))   I am running...I am running... print command  [] []
[2022-03-13 00:41:02] crunz.INFO: Test task(object(Closure))   I am running...I am running... print command  [] []
